# JRE version: OpenJDK Runtime Environment Temurin-21.0.10+7 (21.0.10+7) (build 21.0.10+7-LTS)
# Java VM: OpenJDK 64-Bit Server VM Temurin-21.0.10+7 (21.0.10+7-LTS, mixed mode, sharing, tiered, compressed oops, compressed class ptrs, parallel gc, windows-amd64)
GC Precious Log:
 CardTable entry size: 512
 CPUs: 8 total, 8 available
 Memory: 7480M
 Large Page Support: Disabled
 NUMA Support: Disabled
 Compressed Oops: Enabled (32-bit)
 Alignments: Space 512K, Generation 512K, Heap 2M
 Heap Min Capacity: 100M
 Heap Initial Capacity: 100M
 Heap Max Capacity: 2G
 Pre-touch: Disabled
 Parallel Workers: 8
Heap:
 PSYoungGen      total 23040K, used 17206K [0x00000000d5580000, 0x00000000d7980000, 0x0000000100000000)
  eden space 22528K, 75% used [0x00000000d5580000,0x00000000d660db48,0x00000000d6b80000)
  from space 512K, 50% used [0x00000000d7900000,0x00000000d7940000,0x00000000d7980000)
  to   space 1024K, 0% used [0x00000000d7780000,0x00000000d7780000,0x00000000d7880000)
 ParOldGen       total 1302016K, used 1000232K [0x0000000080000000, 0x00000000cf780000, 0x00000000d5580000)
  object space 1302016K, 76% used [0x0000000080000000,0x00000000bd0ca368,0x00000000cf780000)
 Metaspace       used 98650K, committed 100608K, reserved 1179648K
  class space    used 9786K, committed 10688K, reserved 1048576K
GC Heap History (20 events):
Event: 15318.817 GC heap before
{Heap before GC invocations=3391 (full 8):
 PSYoungGen      total 27648K, used 22531K [0x00000000d5580000, 0x00000000d8280000, 0x0000000100000000)
  eden space 26624K, 80% used [0x00000000d5580000,0x00000000d6a81b88,0x00000000d6f80000)
  from space 1024K, 99% used [0x00000000d7a80000,0x00000000d7b7f2e8,0x00000000d7b80000)
  to   space 9728K, 0% used [0x00000000d6f80000,0x00000000d6f80000,0x00000000d7900000)
 ParOldGen       total 1302016K, used 948960K [0x0000000080000000, 0x00000000cf780000, 0x00000000d5580000)
  object space 1302016K, 72% used [0x0000000080000000,0x00000000b9eb83a8,0x00000000cf780000)
 Metaspace       used 98271K, committed 100160K, reserved 1179648K
  class space    used 9753K, committed 10624K, reserved 1048576K
}
Event: 15318.857 GC heap after
{Heap after GC invocations=3391 (full 8):
 PSYoungGen      total 35840K, used 9727K [0x00000000d5580000, 0x00000000d9c00000, 0x0000000100000000)
  eden space 26112K, 0% used [0x00000000d5580000,0x00000000d5580000,0x00000000d6f00000)
  from space 9728K, 99% used [0x00000000d6f80000,0x00000000d78ffc10,0x00000000d7900000)
  to   space 23040K, 0% used [0x00000000d8580000,0x00000000d8580000,0x00000000d9c00000)
 ParOldGen       total 1302016K, used 959681K [0x0000000080000000, 0x00000000cf780000, 0x00000000d5580000)
  object space 1302016K, 73% used [0x0000000080000000,0x00000000ba930588,0x00000000cf780000)
 Metaspace       used 98271K, committed 100160K, reserved 1179648K
  class space    used 9753K, committed 10624K, reserved 1048576K
}
Event: 15318.871 GC heap before
{Heap before GC invocations=3392 (full 8):
 PSYoungGen      total 35840K, used 34578K [0x00000000d5580000, 0x00000000d9c00000, 0x0000000100000000)
  eden space 26112K, 95% used [0x00000000d5580000,0x00000000d6dc4f90,0x00000000d6f00000)
  from space 9728K, 99% used [0x00000000d6f80000,0x00000000d78ffc10,0x00000000d7900000)
  to   space 23040K, 0% used [0x00000000d8580000,0x00000000d8580000,0x00000000d9c00000)
 ParOldGen       total 1302016K, used 959681K [0x0000000080000000, 0x00000000cf780000, 0x00000000d5580000)
  object space 1302016K, 73% used [0x0000000080000000,0x00000000ba930588,0x00000000cf780000)
 Metaspace       used 98271K, committed 100160K, reserved 1179648K
  class space    used 9753K, committed 10624K, reserved 1048576K
}
Event: 15318.886 GC heap after
{Heap after GC invocations=3392 (full 8):
 PSYoungGen      total 33280K, used 1484K [0x00000000d5580000, 0x00000000d8700000, 0x0000000100000000)
  eden space 31744K, 0% used [0x00000000d5580000,0x00000000d5580000,0x00000000d7480000)
  from space 1536K, 96% used [0x00000000d8580000,0x00000000d86f3010,0x00000000d8700000)
  to   space 8704K, 0% used [0x00000000d7600000,0x00000000d7600000,0x00000000d7e80000)
 ParOldGen       total 1302016K, used 961728K [0x0000000080000000, 0x00000000cf780000, 0x00000000d5580000)
  object space 1302016K, 73% used [0x0000000080000000,0x00000000bab30198,0x00000000cf780000)
 Metaspace       used 98271K, committed 100160K, reserved 1179648K
  class space    used 9753K, committed 10624K, reserved 1048576K
}
Event: 15318.901 GC heap before
{Heap before GC invocations=3393 (full 8):
 PSYoungGen      total 33280K, used 33228K [0x00000000d5580000, 0x00000000d8700000, 0x0000000100000000)
  eden space 31744K, 100% used [0x00000000d5580000,0x00000000d7480000,0x00000000d7480000)
  from space 1536K, 96% used [0x00000000d8580000,0x00000000d86f3010,0x00000000d8700000)
  to   space 8704K, 0% used [0x00000000d7600000,0x00000000d7600000,0x00000000d7e80000)
 ParOldGen       total 1302016K, used 961728K [0x0000000080000000, 0x00000000cf780000, 0x00000000d5580000)
  object space 1302016K, 73% used [0x0000000080000000,0x00000000bab30198,0x00000000cf780000)
 Metaspace       used 98272K, committed 100160K, reserved 1179648K
  class space    used 9753K, committed 10624K, reserved 1048576K
}
Event: 15318.908 GC heap after
{Heap after GC invocations=3393 (full 8):
 PSYoungGen      total 41984K, used 544K [0x00000000d5580000, 0x00000000d8600000, 0x0000000100000000)
  eden space 33280K, 0% used [0x00000000d5580000,0x00000000d5580000,0x00000000d7600000)
  from space 8704K, 6% used [0x00000000d7600000,0x00000000d7688000,0x00000000d7e80000)
  to   space 2560K, 0% used [0x00000000d8380000,0x00000000d8380000,0x00000000d8600000)
 ParOldGen       total 1302016K, used 963164K [0x0000000080000000, 0x00000000cf780000, 0x00000000d5580000)
  object space 1302016K, 73% used [0x0000000080000000,0x00000000bac97198,0x00000000cf780000)
 Metaspace       used 98272K, committed 100160K, reserved 1179648K
  class space    used 9753K, committed 10624K, reserved 1048576K
}
Event: 15323.406 GC heap before
{Heap before GC invocations=3394 (full 8):
 PSYoungGen      total 41984K, used 33824K [0x00000000d5580000, 0x00000000d8600000, 0x0000000100000000)
  eden space 33280K, 100% used [0x00000000d5580000,0x00000000d7600000,0x00000000d7600000)
  from space 8704K, 6% used [0x00000000d7600000,0x00000000d7688000,0x00000000d7e80000)
  to   space 2560K, 0% used [0x00000000d8380000,0x00000000d8380000,0x00000000d8600000)
 ParOldGen       total 1302016K, used 963164K [0x0000000080000000, 0x00000000cf780000, 0x00000000d5580000)
  object space 1302016K, 73% used [0x0000000080000000,0x00000000bac97198,0x00000000cf780000)
 Metaspace       used 98290K, committed 100160K, reserved 1179648K
  class space    used 9753K, committed 10624K, reserved 1048576K
}
Event: 15323.479 GC heap after
{Heap after GC invocations=3394 (full 8):
 PSYoungGen      total 27648K, used 2546K [0x00000000d5580000, 0x00000000da700000, 0x0000000100000000)
  eden space 25088K, 0% used [0x00000000d5580000,0x00000000d5580000,0x00000000d6e00000)
  from space 2560K, 99% used [0x00000000d8380000,0x00000000d85fca60,0x00000000d8600000)
  to   space 22016K, 0% used [0x00000000d6e00000,0x00000000d6e00000,0x00000000d8380000)
 ParOldGen       total 1302016K, used 979047K [0x0000000080000000, 0x00000000cf780000, 0x00000000d5580000)
  object space 1302016K, 75% used [0x0000000080000000,0x00000000bbc19c18,0x00000000cf780000)
 Metaspace       used 98290K, committed 100160K, reserved 1179648K
  class space    used 9753K, committed 10624K, reserved 1048576K
}
Event: 15323.777 GC heap before
{Heap before GC invocations=3395 (full 8):
 PSYoungGen      total 27648K, used 27634K [0x00000000d5580000, 0x00000000da700000, 0x0000000100000000)
  eden space 25088K, 100% used [0x00000000d5580000,0x00000000d6e00000,0x00000000d6e00000)
  from space 2560K, 99% used [0x00000000d8380000,0x00000000d85fca60,0x00000000d8600000)
  to   space 22016K, 0% used [0x00000000d6e00000,0x00000000d6e00000,0x00000000d8380000)
 ParOldGen       total 1302016K, used 979047K [0x0000000080000000, 0x00000000cf780000, 0x00000000d5580000)
  object space 1302016K, 75% used [0x0000000080000000,0x00000000bbc19c18,0x00000000cf780000)
 Metaspace       used 98290K, committed 100160K, reserved 1179648K
  class space    used 9753K, committed 10624K, reserved 1048576K
}
Event: 15323.801 GC heap after
{Heap after GC invocations=3395 (full 8):
 PSYoungGen      total 27136K, used 2336K [0x00000000d5580000, 0x00000000d8400000, 0x0000000100000000)
  eden space 24576K, 0% used [0x00000000d5580000,0x00000000d5580000,0x00000000d6d80000)
  from space 2560K, 91% used [0x00000000d6e00000,0x00000000d7048000,0x00000000d7080000)
  to   space 8192K, 0% used [0x00000000d7c00000,0x00000000d7c00000,0x00000000d8400000)
 ParOldGen       total 1302016K, used 981641K [0x0000000080000000, 0x00000000cf780000, 0x00000000d5580000)
  object space 1302016K, 75% used [0x0000000080000000,0x00000000bbea2698,0x00000000cf780000)
 Metaspace       used 98290K, committed 100160K, reserved 1179648K
  class space    used 9753K, committed 10624K, reserved 1048576K
}
Event: 15324.273 GC heap before
{Heap before GC invocations=3396 (full 8):
 PSYoungGen      total 27136K, used 26912K [0x00000000d5580000, 0x00000000d8400000, 0x0000000100000000)
  eden space 24576K, 100% used [0x00000000d5580000,0x00000000d6d80000,0x00000000d6d80000)
  from space 2560K, 91% used [0x00000000d6e00000,0x00000000d7048000,0x00000000d7080000)
  to   space 8192K, 0% used [0x00000000d7c00000,0x00000000d7c00000,0x00000000d8400000)
 ParOldGen       total 1302016K, used 981641K [0x0000000080000000, 0x00000000cf780000, 0x00000000d5580000)
  object space 1302016K, 75% used [0x0000000080000000,0x00000000bbea2698,0x00000000cf780000)
 Metaspace       used 98291K, committed 100160K, reserved 1179648K
  class space    used 9753K, committed 10624K, reserved 1048576K
}
Event: 15324.292 GC heap after
{Heap after GC invocations=3396 (full 8):
 PSYoungGen      total 26624K, used 2208K [0x00000000d5580000, 0x00000000d7e80000, 0x0000000100000000)
  eden space 24064K, 0% used [0x00000000d5580000,0x00000000d5580000,0x00000000d6d00000)
  from space 2560K, 86% used [0x00000000d7c00000,0x00000000d7e28000,0x00000000d7e80000)
  to   space 3584K, 0% used [0x00000000d7780000,0x00000000d7780000,0x00000000d7b00000)
 ParOldGen       total 1302016K, used 983696K [0x0000000080000000, 0x00000000cf780000, 0x00000000d5580000)
  object space 1302016K, 75% used [0x0000000080000000,0x00000000bc0a42c8,0x00000000cf780000)
 Metaspace       used 98291K, committed 100160K, reserved 1179648K
  class space    used 9753K, committed 10624K, reserved 1048576K
}
Event: 15324.384 GC heap before
{Heap before GC invocations=3397 (full 8):
 PSYoungGen      total 26624K, used 26272K [0x00000000d5580000, 0x00000000d7e80000, 0x0000000100000000)
  eden space 24064K, 100% used [0x00000000d5580000,0x00000000d6d00000,0x00000000d6d00000)
  from space 2560K, 86% used [0x00000000d7c00000,0x00000000d7e28000,0x00000000d7e80000)
  to   space 3584K, 0% used [0x00000000d7780000,0x00000000d7780000,0x00000000d7b00000)
 ParOldGen       total 1302016K, used 983696K [0x0000000080000000, 0x00000000cf780000, 0x00000000d5580000)
  object space 1302016K, 75% used [0x0000000080000000,0x00000000bc0a42c8,0x00000000cf780000)
 Metaspace       used 98291K, committed 100160K, reserved 1179648K
  class space    used 9753K, committed 10624K, reserved 1048576K
}
Event: 15324.400 GC heap after
{Heap after GC invocations=3397 (full 8):
 PSYoungGen      total 25600K, used 1808K [0x00000000d5580000, 0x00000000d7c80000, 0x0000000100000000)
  eden space 23552K, 0% used [0x00000000d5580000,0x00000000d5580000,0x00000000d6c80000)
  from space 2048K, 88% used [0x00000000d7780000,0x00000000d7944010,0x00000000d7980000)
  to   space 2560K, 0% used [0x00000000d7a00000,0x00000000d7a00000,0x00000000d7c80000)
 ParOldGen       total 1302016K, used 985515K [0x0000000080000000, 0x00000000cf780000, 0x00000000d5580000)
  object space 1302016K, 75% used [0x0000000080000000,0x00000000bc26af38,0x00000000cf780000)
 Metaspace       used 98291K, committed 100160K, reserved 1179648K
  class space    used 9753K, committed 10624K, reserved 1048576K
}
Event: 15324.892 GC heap before
{Heap before GC invocations=3398 (full 8):
 PSYoungGen      total 25600K, used 25360K [0x00000000d5580000, 0x00000000d7c80000, 0x0000000100000000)
  eden space 23552K, 100% used [0x00000000d5580000,0x00000000d6c80000,0x00000000d6c80000)
  from space 2048K, 88% used [0x00000000d7780000,0x00000000d7944010,0x00000000d7980000)
  to   space 2560K, 0% used [0x00000000d7a00000,0x00000000d7a00000,0x00000000d7c80000)
 ParOldGen       total 1302016K, used 985515K [0x0000000080000000, 0x00000000cf780000, 0x00000000d5580000)
  object space 1302016K, 75% used [0x0000000080000000,0x00000000bc26af38,0x00000000cf780000)
 Metaspace       used 98296K, committed 100224K, reserved 1179648K
  class space    used 9753K, committed 10624K, reserved 1048576K
}
Event: 15324.909 GC heap after
{Heap after GC invocations=3398 (full 8):
 PSYoungGen      total 24576K, used 1440K [0x00000000d5580000, 0x00000000d7b80000, 0x0000000100000000)
  eden space 23040K, 0% used [0x00000000d5580000,0x00000000d5580000,0x00000000d6c00000)
  from space 1536K, 93% used [0x00000000d7a00000,0x00000000d7b68000,0x00000000d7b80000)
  to   space 2048K, 0% used [0x00000000d7780000,0x00000000d7780000,0x00000000d7980000)
 ParOldGen       total 1302016K, used 986851K [0x0000000080000000, 0x00000000cf780000, 0x00000000d5580000)
  object space 1302016K, 75% used [0x0000000080000000,0x00000000bc3b8f38,0x00000000cf780000)
 Metaspace       used 98296K, committed 100224K, reserved 1179648K
  class space    used 9753K, committed 10624K, reserved 1048576K
}
Event: 15326.055 GC heap before
{Heap before GC invocations=3399 (full 8):
 PSYoungGen      total 24576K, used 24479K [0x00000000d5580000, 0x00000000d7b80000, 0x0000000100000000)
  eden space 23040K, 99% used [0x00000000d5580000,0x00000000d6bffce8,0x00000000d6c00000)
  from space 1536K, 93% used [0x00000000d7a00000,0x00000000d7b68000,0x00000000d7b80000)
  to   space 2048K, 0% used [0x00000000d7780000,0x00000000d7780000,0x00000000d7980000)
 ParOldGen       total 1302016K, used 986851K [0x0000000080000000, 0x00000000cf780000, 0x00000000d5580000)
  object space 1302016K, 75% used [0x0000000080000000,0x00000000bc3b8f38,0x00000000cf780000)
 Metaspace       used 98426K, committed 100352K, reserved 1179648K
  class space    used 9768K, committed 10624K, reserved 1048576K
}
Event: 15326.067 GC heap after
{Heap after GC invocations=3399 (full 8):
 PSYoungGen      total 23552K, used 901K [0x00000000d5580000, 0x00000000d7a80000, 0x0000000100000000)
  eden space 22528K, 0% used [0x00000000d5580000,0x00000000d5580000,0x00000000d6b80000)
  from space 1024K, 87% used [0x00000000d7780000,0x00000000d7861420,0x00000000d7880000)
  to   space 1536K, 0% used [0x00000000d7900000,0x00000000d7900000,0x00000000d7a80000)
 ParOldGen       total 1302016K, used 987963K [0x0000000080000000, 0x00000000cf780000, 0x00000000d5580000)
  object space 1302016K, 75% used [0x0000000080000000,0x00000000bc4cef38,0x00000000cf780000)
 Metaspace       used 98426K, committed 100352K, reserved 1179648K
  class space    used 9768K, committed 10624K, reserved 1048576K
}
Event: 15326.410 GC heap before
{Heap before GC invocations=3400 (full 8):
 PSYoungGen      total 23552K, used 23429K [0x00000000d5580000, 0x00000000d7a80000, 0x0000000100000000)
  eden space 22528K, 100% used [0x00000000d5580000,0x00000000d6b80000,0x00000000d6b80000)
  from space 1024K, 87% used [0x00000000d7780000,0x00000000d7861420,0x00000000d7880000)
  to   space 1536K, 0% used [0x00000000d7900000,0x00000000d7900000,0x00000000d7a80000)
 ParOldGen       total 1302016K, used 999483K [0x0000000080000000, 0x00000000cf780000, 0x00000000d5580000)
  object space 1302016K, 76% used [0x0000000080000000,0x00000000bd00ef48,0x00000000cf780000)
 Metaspace       used 98645K, committed 100608K, reserved 1179648K
  class space    used 9786K, committed 10688K, reserved 1048576K
}
Event: 15326.417 GC heap after
{Heap after GC invocations=3400 (full 8):
 PSYoungGen      total 23040K, used 256K [0x00000000d5580000, 0x00000000d7980000, 0x0000000100000000)
  eden space 22528K, 0% used [0x00000000d5580000,0x00000000d5580000,0x00000000d6b80000)
  from space 512K, 50% used [0x00000000d7900000,0x00000000d7940000,0x00000000d7980000)
  to   space 1024K, 0% used [0x00000000d7780000,0x00000000d7780000,0x00000000d7880000)
 ParOldGen       total 1302016K, used 1000232K [0x0000000080000000, 0x00000000cf780000, 0x00000000d5580000)
  object space 1302016K, 76% used [0x0000000080000000,0x00000000bd0ca368,0x00000000cf780000)
 Metaspace       used 98645K, committed 100608K, reserved 1179648K
  class space    used 9786K, committed 10688K, reserved 1048576K
}

