# JRE version: Java(TM) SE Runtime Environment (21.0.10+8) (build 21.0.10+8-LTS-217)
# Java VM: Java HotSpot(TM) 64-Bit Server VM (21.0.10+8-LTS-217, mixed mode, sharing, tiered, compressed oops, compressed class ptrs, g1 gc, windows-amd64)
GC Precious Log:
 CardTable entry size: 512
 Card Set container configuration: InlinePtr #cards 5 size 8 Array Of Cards #cards 12 size 40 Howl #buckets 4 coarsen threshold 1843 Howl Bitmap #cards 512 size 80 coarsen threshold 460 Card regions per heap region 1 cards per card region 2048
 CPUs: 8 total, 8 available
 Memory: 7480M
 Large Page Support: Disabled
 NUMA Support: Disabled
 Compressed Oops: Enabled (32-bit)
 Heap Region Size: 1M
 Heap Min Capacity: 8M
 Heap Initial Capacity: 118M
 Heap Max Capacity: 1872M
 Pre-touch: Disabled
 Parallel Workers: 8
 Concurrent Workers: 2
 Concurrent Refinement Workers: 8
 Periodic GC: Disabled
Heap:
 garbage-first heap   total 113664K, used 60416K [0x000000008b000000, 0x0000000100000000)
  region size 1024K, 22 young (22528K), 2 survivors (2048K)
 Metaspace       used 30604K, committed 31168K, reserved 1114112K
  class space    used 3393K, committed 3648K, reserved 1048576K
GC Heap History (14 events):
Event: 1.616 GC heap before
{Heap before GC invocations=0 (full 0):
 garbage-first heap   total 120832K, used 23552K [0x000000008b000000, 0x0000000100000000)
  region size 1024K, 23 young (23552K), 0 survivors (0K)
 Metaspace       used 5664K, committed 5888K, reserved 1114112K
  class space    used 649K, committed 768K, reserved 1048576K
}
Event: 1.627 GC heap after
{Heap after GC invocations=1 (full 0):
 garbage-first heap   total 120832K, used 3744K [0x000000008b000000, 0x0000000100000000)
  region size 1024K, 3 young (3072K), 3 survivors (3072K)
 Metaspace       used 5664K, committed 5888K, reserved 1114112K
  class space    used 649K, committed 768K, reserved 1048576K
}
Event: 3.095 GC heap before
{Heap before GC invocations=1 (full 0):
 garbage-first heap   total 120832K, used 33440K [0x000000008b000000, 0x0000000100000000)
  region size 1024K, 33 young (33792K), 3 survivors (3072K)
 Metaspace       used 9576K, committed 9792K, reserved 1114112K
  class space    used 1119K, committed 1216K, reserved 1048576K
}
Event: 3.105 GC heap after
{Heap after GC invocations=2 (full 0):
 garbage-first heap   total 120832K, used 5355K [0x000000008b000000, 0x0000000100000000)
  region size 1024K, 2 young (2048K), 2 survivors (2048K)
 Metaspace       used 9576K, committed 9792K, reserved 1114112K
  class space    used 1119K, committed 1216K, reserved 1048576K
}
Event: 6.561 GC heap before
{Heap before GC invocations=2 (full 0):
 garbage-first heap   total 120832K, used 74987K [0x000000008b000000, 0x0000000100000000)
  region size 1024K, 70 young (71680K), 2 survivors (2048K)
 Metaspace       used 15781K, committed 16000K, reserved 1114112K
  class space    used 1825K, committed 1920K, reserved 1048576K
}
Event: 6.586 GC heap after
{Heap after GC invocations=3 (full 0):
 garbage-first heap   total 120832K, used 13742K [0x000000008b000000, 0x0000000100000000)
  region size 1024K, 9 young (9216K), 9 survivors (9216K)
 Metaspace       used 15781K, committed 16000K, reserved 1114112K
  class space    used 1825K, committed 1920K, reserved 1048576K
}
Event: 9.184 GC heap before
{Heap before GC invocations=3 (full 0):
 garbage-first heap   total 120832K, used 76206K [0x000000008b000000, 0x0000000100000000)
  region size 1024K, 70 young (71680K), 9 survivors (9216K)
 Metaspace       used 17681K, committed 17984K, reserved 1114112K
  class space    used 1982K, committed 2112K, reserved 1048576K
}
Event: 9.206 GC heap after
{Heap after GC invocations=4 (full 0):
 garbage-first heap   total 120832K, used 16620K [0x000000008b000000, 0x0000000100000000)
  region size 1024K, 4 young (4096K), 4 survivors (4096K)
 Metaspace       used 17681K, committed 17984K, reserved 1114112K
  class space    used 1982K, committed 2112K, reserved 1048576K
}
Event: 10.783 GC heap before
{Heap before GC invocations=4 (full 0):
 garbage-first heap   total 120832K, used 51436K [0x000000008b000000, 0x0000000100000000)
  region size 1024K, 32 young (32768K), 4 survivors (4096K)
 Metaspace       used 21194K, committed 21504K, reserved 1114112K
  class space    used 2425K, committed 2560K, reserved 1048576K
}
Event: 10.797 GC heap after
{Heap after GC invocations=5 (full 0):
 garbage-first heap   total 120832K, used 27259K [0x000000008b000000, 0x0000000100000000)
  region size 1024K, 8 young (8192K), 8 survivors (8192K)
 Metaspace       used 21194K, committed 21504K, reserved 1114112K
  class space    used 2425K, committed 2560K, reserved 1048576K
}
Event: 13.983 GC heap before
{Heap before GC invocations=6 (full 0):
 garbage-first heap   total 96256K, used 90747K [0x000000008b000000, 0x0000000100000000)
  region size 1024K, 70 young (71680K), 8 survivors (8192K)
 Metaspace       used 28053K, committed 28480K, reserved 1114112K
  class space    used 3138K, committed 3328K, reserved 1048576K
}
Event: 14.021 GC heap after
{Heap after GC invocations=7 (full 0):
 garbage-first heap   total 113664K, used 38636K [0x000000008b000000, 0x0000000100000000)
  region size 1024K, 9 young (9216K), 9 survivors (9216K)
 Metaspace       used 28053K, committed 28480K, reserved 1114112K
  class space    used 3138K, committed 3328K, reserved 1048576K
}
Event: 16.239 GC heap before
{Heap before GC invocations=7 (full 0):
 garbage-first heap   total 113664K, used 90860K [0x000000008b000000, 0x0000000100000000)
  region size 1024K, 60 young (61440K), 9 survivors (9216K)
 Metaspace       used 30032K, committed 30592K, reserved 1114112K
  class space    used 3339K, committed 3584K, reserved 1048576K
}
Event: 16.259 GC heap after
{Heap after GC invocations=8 (full 0):
 garbage-first heap   total 113664K, used 40960K [0x000000008b000000, 0x0000000100000000)
  region size 1024K, 2 young (2048K), 2 survivors (2048K)
 Metaspace       used 30032K, committed 30592K, reserved 1114112K
  class space    used 3339K, committed 3584K, reserved 1048576K
}

